# JRE version: OpenJDK Runtime Environment (21.0.8) (build 21.0.8+-14018985-b1038.68)
# Java VM: OpenJDK 64-Bit Server VM (21.0.8+-14018985-b1038.68, mixed mode, tiered, compressed oops, compressed class ptrs, g1 gc, windows-amd64)
GC Precious Log:
 CardTable entry size: 512
 Card Set container configuration: InlinePtr #cards 5 size 8 Array Of Cards #cards 12 size 40 Howl #buckets 4 coarsen threshold 1843 Howl Bitmap #cards 512 size 80 coarsen threshold 460 Card regions per heap region 1 cards per card region 2048
 CPUs: 12 total, 12 available
 Memory: 7521M
 Large Page Support: Disabled
 NUMA Support: Disabled
 Compressed Oops: Enabled (32-bit)
 Heap Region Size: 1M
 Heap Min Capacity: 8M
 Heap Initial Capacity: 118M
 Heap Max Capacity: 2G
 Pre-touch: Disabled
 Parallel Workers: 10
 Concurrent Workers: 3
 Concurrent Refinement Workers: 10
 Periodic GC: Disabled
Heap:
 garbage-first heap   total 322560K, used 260963K [0x0000000080000000, 0x0000000100000000)
  region size 1024K, 66 young (67584K), 8 survivors (8192K)
 Metaspace       used 171347K, committed 173824K, reserved 1245184K
  class space    used 23006K, committed 24192K, reserved 1048576K
GC Heap History (20 events):
Event: 20.039 GC heap before
{Heap before GC invocations=47 (full 0):
 garbage-first heap   total 299008K, used 276448K [0x0000000080000000, 0x0000000100000000)
  region size 1024K, 97 young (99328K), 5 survivors (5120K)
 Metaspace       used 147419K, committed 149696K, reserved 1179648K
  class space    used 20337K, committed 21440K, reserved 1048576K
}
Event: 20.046 GC heap after
{Heap after GC invocations=48 (full 0):
 garbage-first heap   total 299008K, used 182417K [0x0000000080000000, 0x0000000100000000)
  region size 1024K, 6 young (6144K), 6 survivors (6144K)
 Metaspace       used 147419K, committed 149696K, reserved 1179648K
  class space    used 20337K, committed 21440K, reserved 1048576K
}
Event: 20.142 GC heap before
{Heap before GC invocations=48 (full 0):
 garbage-first heap   total 299008K, used 183441K [0x0000000080000000, 0x0000000100000000)
  region size 1024K, 8 young (8192K), 6 survivors (6144K)
 Metaspace       used 147453K, committed 149760K, reserved 1179648K
  class space    used 20343K, committed 21440K, reserved 1048576K
}
Event: 20.147 GC heap after
{Heap after GC invocations=49 (full 0):
 garbage-first heap   total 299008K, used 178082K [0x0000000080000000, 0x0000000100000000)
  region size 1024K, 4 young (4096K), 4 survivors (4096K)
 Metaspace       used 147453K, committed 149760K, reserved 1179648K
  class space    used 20343K, committed 21440K, reserved 1048576K
}
Event: 20.635 GC heap before
{Heap before GC invocations=50 (full 0):
 garbage-first heap   total 302080K, used 279458K [0x0000000080000000, 0x0000000100000000)
  region size 1024K, 101 young (103424K), 4 survivors (4096K)
 Metaspace       used 147659K, committed 149952K, reserved 1179648K
  class space    used 20368K, committed 21504K, reserved 1048576K
}
Event: 20.640 GC heap after
{Heap after GC invocations=51 (full 0):
 garbage-first heap   total 302080K, used 183452K [0x0000000080000000, 0x0000000100000000)
  region size 1024K, 7 young (7168K), 7 survivors (7168K)
 Metaspace       used 147659K, committed 149952K, reserved 1179648K
  class space    used 20368K, committed 21504K, reserved 1048576K
}
Event: 20.953 GC heap before
{Heap before GC invocations=51 (full 0):
 garbage-first heap   total 302080K, used 277660K [0x0000000080000000, 0x0000000100000000)
  region size 1024K, 99 young (101376K), 7 survivors (7168K)
 Metaspace       used 147659K, committed 149952K, reserved 1179648K
  class space    used 20368K, committed 21504K, reserved 1048576K
}
Event: 20.959 GC heap after
{Heap after GC invocations=52 (full 0):
 garbage-first heap   total 302080K, used 183056K [0x0000000080000000, 0x0000000100000000)
  region size 1024K, 8 young (8192K), 8 survivors (8192K)
 Metaspace       used 147659K, committed 149952K, reserved 1179648K
  class space    used 20368K, committed 21504K, reserved 1048576K
}
Event: 21.368 GC heap before
{Heap before GC invocations=52 (full 0):
 garbage-first heap   total 302080K, used 276240K [0x0000000080000000, 0x0000000100000000)
  region size 1024K, 99 young (101376K), 8 survivors (8192K)
 Metaspace       used 148596K, committed 150848K, reserved 1179648K
  class space    used 20476K, committed 21568K, reserved 1048576K
}
Event: 21.373 GC heap after
{Heap after GC invocations=53 (full 0):
 garbage-first heap   total 302080K, used 178134K [0x0000000080000000, 0x0000000100000000)
  region size 1024K, 2 young (2048K), 2 survivors (2048K)
 Metaspace       used 148596K, committed 150848K, reserved 1179648K
  class space    used 20476K, committed 21568K, reserved 1048576K
}
Event: 25.234 GC heap before
{Heap before GC invocations=54 (full 0):
 garbage-first heap   total 302080K, used 278486K [0x0000000080000000, 0x0000000100000000)
  region size 1024K, 102 young (104448K), 2 survivors (2048K)
 Metaspace       used 158046K, committed 160384K, reserved 1245184K
  class space    used 21616K, committed 22720K, reserved 1048576K
}
Event: 25.245 GC heap after
{Heap after GC invocations=55 (full 0):
 garbage-first heap   total 302080K, used 189533K [0x0000000080000000, 0x0000000100000000)
  region size 1024K, 13 young (13312K), 13 survivors (13312K)
 Metaspace       used 158046K, committed 160384K, reserved 1245184K
  class space    used 21616K, committed 22720K, reserved 1048576K
}
Event: 30.951 GC heap before
{Heap before GC invocations=55 (full 0):
 garbage-first heap   total 302080K, used 270429K [0x0000000080000000, 0x0000000100000000)
  region size 1024K, 93 young (95232K), 13 survivors (13312K)
 Metaspace       used 158400K, committed 160704K, reserved 1245184K
  class space    used 21623K, committed 22720K, reserved 1048576K
}
Event: 30.961 GC heap after
{Heap after GC invocations=56 (full 0):
 garbage-first heap   total 302080K, used 192242K [0x0000000080000000, 0x0000000100000000)
  region size 1024K, 6 young (6144K), 6 survivors (6144K)
 Metaspace       used 158400K, committed 160704K, reserved 1245184K
  class space    used 21623K, committed 22720K, reserved 1048576K
}
Event: 39.670 GC heap before
{Heap before GC invocations=56 (full 0):
 garbage-first heap   total 302080K, used 277234K [0x0000000080000000, 0x0000000100000000)
  region size 1024K, 90 young (92160K), 6 survivors (6144K)
 Metaspace       used 158487K, committed 160768K, reserved 1245184K
  class space    used 21631K, committed 22720K, reserved 1048576K
}
Event: 39.675 GC heap after
{Heap after GC invocations=57 (full 0):
 garbage-first heap   total 302080K, used 192747K [0x0000000080000000, 0x0000000100000000)
  region size 1024K, 6 young (6144K), 6 survivors (6144K)
 Metaspace       used 158487K, committed 160768K, reserved 1245184K
  class space    used 21631K, committed 22720K, reserved 1048576K
}
Event: 48.588 GC heap before
{Heap before GC invocations=58 (full 0):
 garbage-first heap   total 322560K, used 276715K [0x0000000080000000, 0x0000000100000000)
  region size 1024K, 89 young (91136K), 6 survivors (6144K)
 Metaspace       used 159440K, committed 161728K, reserved 1245184K
  class space    used 21737K, committed 22848K, reserved 1048576K
}
Event: 48.595 GC heap after
{Heap after GC invocations=59 (full 0):
 garbage-first heap   total 322560K, used 197299K [0x0000000080000000, 0x0000000100000000)
  region size 1024K, 11 young (11264K), 11 survivors (11264K)
 Metaspace       used 159440K, committed 161728K, reserved 1245184K
  class space    used 21737K, committed 22848K, reserved 1048576K
}
Event: 49.707 GC heap before
{Heap before GC invocations=59 (full 0):
 garbage-first heap   total 322560K, used 291507K [0x0000000080000000, 0x0000000100000000)
  region size 1024K, 104 young (106496K), 11 survivors (11264K)
 Metaspace       used 167841K, committed 170304K, reserved 1245184K
  class space    used 22681K, committed 23872K, reserved 1048576K
}
Event: 49.720 GC heap after
{Heap after GC invocations=60 (full 0):
 garbage-first heap   total 322560K, used 203619K [0x0000000080000000, 0x0000000100000000)
  region size 1024K, 8 young (8192K), 8 survivors (8192K)
 Metaspace       used 167841K, committed 170304K, reserved 1245184K
  class space    used 22681K, committed 23872K, reserved 1048576K
}

